{"level":"info","message":"Server is running on port 3000","service":"student-records-api","timestamp":"2025-09-18T06:39:19.559Z"}
{"level":"info","message":"Server is running on port 3000","service":"student-records-api","timestamp":"2025-09-18T07:02:15.616Z"}
{"level":"info","message":"Server is running on port 3000","service":"student-records-api","timestamp":"2025-09-18T07:07:26.522Z"}
{"level":"info","message":"Server is running on port 3000","service":"student-records-api","timestamp":"2025-09-18T07:08:37.128Z"}
{"level":"info","message":"admin","service":"student-records-api","timestamp":"2025-09-18T07:08:58.192Z"}
{"level":"info","message":"Wallet path: /Users/zaryabrafique/Downloads/Zaryab/Hyperledger-Work/Practice/hyperledger-student-api/org1-wallet","service":"student-records-api","timestamp":"2025-09-18T07:08:58.195Z"}
{"level":"info","message":"An identity for the admin user \"admin\" does not exist in the wallet","service":"student-records-api","timestamp":"2025-09-18T07:08:58.196Z"}
{"level":"info","message":"calling enroll Admin method","service":"student-records-api","timestamp":"2025-09-18T07:08:58.197Z"}
{"level":"info","message":"Wallet path: /Users/zaryabrafique/Downloads/Zaryab/Hyperledger-Work/Practice/hyperledger-student-api/org1-wallet","service":"student-records-api","timestamp":"2025-09-18T07:08:58.199Z"}
{"level":"info","message":"Admin Enrolled Successfully","service":"student-records-api","timestamp":"2025-09-18T07:08:58.392Z"}
{"level":"error","message":"Error in signup: TypeError: Cannot read properties of undefined (reading 'type')","service":"student-records-api","timestamp":"2025-09-18T07:08:58.392Z"}
{"level":"info","message":"Server is running on port 3000","service":"student-records-api","timestamp":"2025-09-18T07:13:06.213Z"}
{"level":"info","message":"Server is running on port 3000","service":"student-records-api","timestamp":"2025-09-18T07:13:08.146Z"}
{"level":"info","message":"Server is running on port 3000","service":"student-records-api","timestamp":"2025-09-18T07:17:44.430Z"}
{"level":"info","message":"admin","service":"student-records-api","timestamp":"2025-09-18T07:17:47.806Z"}
{"level":"info","message":"Wallet path: /Users/zaryabrafique/Downloads/Zaryab/Hyperledger-Work/Practice/hyperledger-student-api/org1-wallet","service":"student-records-api","timestamp":"2025-09-18T07:17:47.808Z"}
{"level":"info","message":"An identity for the admin user \"admin\" does not exist in the wallet","service":"student-records-api","timestamp":"2025-09-18T07:17:47.809Z"}
{"level":"info","message":"calling enroll Admin method","service":"student-records-api","timestamp":"2025-09-18T07:17:47.810Z"}
{"level":"info","message":"Wallet path: /Users/zaryabrafique/Downloads/Zaryab/Hyperledger-Work/Practice/hyperledger-student-api/org1-wallet","service":"student-records-api","timestamp":"2025-09-18T07:17:47.811Z"}
{"level":"info","message":"Admin Enrolled Successfully","service":"student-records-api","timestamp":"2025-09-18T07:17:47.988Z"}
{"level":"error","message":"Error in signup: TypeError: Cannot read properties of undefined (reading 'type')","service":"student-records-api","timestamp":"2025-09-18T07:17:47.988Z"}
{"level":"info","message":"admin","service":"student-records-api","timestamp":"2025-09-18T07:17:54.322Z"}
{"level":"info","message":"Wallet path: /Users/zaryabrafique/Downloads/Zaryab/Hyperledger-Work/Practice/hyperledger-student-api/org1-wallet","service":"student-records-api","timestamp":"2025-09-18T07:17:54.323Z"}
{"level":"info","message":"An identity for the admin user \"admin\" does not exist in the wallet","service":"student-records-api","timestamp":"2025-09-18T07:17:54.324Z"}
{"level":"info","message":"calling enroll Admin method","service":"student-records-api","timestamp":"2025-09-18T07:17:54.324Z"}
{"level":"info","message":"Wallet path: /Users/zaryabrafique/Downloads/Zaryab/Hyperledger-Work/Practice/hyperledger-student-api/org1-wallet","service":"student-records-api","timestamp":"2025-09-18T07:17:54.325Z"}
{"level":"info","message":"Admin Enrolled Successfully","service":"student-records-api","timestamp":"2025-09-18T07:17:54.432Z"}
{"level":"error","message":"Error in signup: TypeError: Cannot read properties of undefined (reading 'type')","service":"student-records-api","timestamp":"2025-09-18T07:17:54.432Z"}
{"level":"info","message":"Server is running on port 3000","service":"student-records-api","timestamp":"2025-09-18T07:30:03.745Z"}
{"level":"info","message":"Server is running on port 3000","service":"student-records-api","timestamp":"2025-09-18T07:30:17.248Z"}
{"level":"info","message":"admin","service":"student-records-api","timestamp":"2025-09-18T07:30:22.365Z"}
{"level":"info","message":"Wallet path: /Users/zaryabrafique/Downloads/Zaryab/Hyperledger-Work/Practice/hyperledger-student-api/org1-wallet","service":"student-records-api","timestamp":"2025-09-18T07:30:22.367Z"}
{"level":"info","message":"An identity for the admin user \"admin\" does not exist in the wallet","service":"student-records-api","timestamp":"2025-09-18T07:30:22.368Z"}
{"level":"info","message":"calling enroll Admin method","service":"student-records-api","timestamp":"2025-09-18T07:30:22.369Z"}
{"level":"info","message":"Wallet path: /Users/zaryabrafique/Downloads/Zaryab/Hyperledger-Work/Practice/hyperledger-student-api/org1-wallet","service":"student-records-api","timestamp":"2025-09-18T07:30:22.370Z"}
{"certificate":"-----BEGIN CERTIFICATE-----\nMIIB8jCCAZmgAwIBAgIUCpgWHkb46KoQVykZTt7EWjWsnnAwCgYIKoZIzj0EAwIw\ncDELMAkGA1UEBhMCVVMxFzAVBgNVBAgTDk5vcnRoIENhcm9saW5hMQ8wDQYDVQQH\nEwZEdXJoYW0xGTAXBgNVBAoTEG9yZzEuZXhhbXBsZS5jb20xHDAaBgNVBAMTE2Nh\nLm9yZzEuZXhhbXBsZS5jb20wHhcNMjUwOTE4MDcxNDAwWhcNMjYwOTE4MDczMDAw\nWjAhMQ8wDQYDVQQLEwZjbGllbnQxDjAMBgNVBAMTBWFkbWluMFkwEwYHKoZIzj0C\nAQYIKoZIzj0DAQcDQgAEmhvLzpE9n4dfocj4aZeuwfcXFMzTOskgcYE3RCz59qA9\nt1Cr30yv9rWIohpHb9jCXlKzrGjyEETGhox1SnjxzqNgMF4wDgYDVR0PAQH/BAQD\nAgeAMAwGA1UdEwEB/wQCMAAwHQYDVR0OBBYEFEVysp/7vqBIKI96hkjgyUAHUjCn\nMB8GA1UdIwQYMBaAFGobLLiypTx9bXUFlJ+OHQNmjDbIMAoGCCqGSM49BAMCA0cA\nMEQCIASbAOUozcyqBNvwzLsxwnKJXGF0GidV/+CeHa1aKFsRAiBOL9CqqMn7n+Hx\nSwDKKzN1wmwuRHu6DzV8epVcNw+BuA==\n-----END CERTIFICATE-----\n","key":{"_key":{"curveName":"secp256r1","ecparams":{"G":{"curve":{"a":{"q":{"0":67108863,"1":67108863,"2":67108863,"3":262143,"4":0,"5":0,"6":0,"7":1024,"8":67043328,"9":4194303,"s":0,"t":10},"x":{"0":67108860,"1":67108863,"2":67108863,"3":262143,"4":0,"5":0,"6":0,"7":1024,"8":67043328,"9":4194303,"s":0,"t":10}},"b":{"q":{"0":67108863,"1":67108863,"2":67108863,"3":262143,"4":0,"5":0,"6":0,"7":1024,"8":67043328,"9":4194303,"s":0,"t":10},"x":{"0":64118859,"1":59707273,"2":51340220,"3":46346574,"4":6626566,"5":27664815,"6":45864279,"7":38772431,"8":30976570,"9":1487245,"s":0,"t":10}},"infinity":{"curve":"[Circular]","x":null,"y":null,"z":{"0":1,"s":0,"t":1},"zinv":null},"q":{"0":67108863,"1":67108863,"2":67108863,"3":262143,"4":0,"5":0,"6":0,"7":1024,"8":67043328,"9":4194303,"s":0,"t":10}},"x":{"q":{"0":67108863,"1":67108863,"2":67108863,"3":262143,"4":0,"5":0,"6":0,"7":1024,"8":67043328,"9":4194303,"s":0,"t":10},"x":{"0":10011286,"1":5132662,"2":54136650,"3":33863596,"4":41354109,"5":15274044,"6":63860310,"7":17375202,"8":32694572,"9":1754612,"s":0,"t":10}},"y":{"q":{"0":67108863,"1":67108863,"2":67108863,"3":262143,"4":0,"5":0,"6":0,"7":1024,"8":67043328,"9":4194303,"s":0,"t":10},"x":{"0":62870005,"1":26221069,"2":32304315,"3":22916293,"4":36425267,"5":50587525,"6":41858215,"7":33451579,"8":48430618,"9":1308880,"s":0,"t":10}},"z":{"0":1,"s":0,"t":1},"zinv":null},"curve":{"a":{"q":{"0":67108863,"1":67108863,"2":67108863,"3":262143,"4":0,"5":0,"6":0,"7":1024,"8":67043328,"9":4194303,"s":0,"t":10},"x":{"0":67108860,"1":67108863,"2":67108863,"3":262143,"4":0,"5":0,"6":0,"7":1024,"8":67043328,"9":4194303,"s":0,"t":10}},"b":{"q":{"0":67108863,"1":67108863,"2":67108863,"3":262143,"4":0,"5":0,"6":0,"7":1024,"8":67043328,"9":4194303,"s":0,"t":10},"x":{"0":64118859,"1":59707273,"2":51340220,"3":46346574,"4":6626566,"5":27664815,"6":45864279,"7":38772431,"8":30976570,"9":1487245,"s":0,"t":10}},"infinity":{"curve":"[Circular]","x":null,"y":null,"z":{"0":1,"s":0,"t":1},"zinv":null},"q":{"0":67108863,"1":67108863,"2":67108863,"3":262143,"4":0,"5":0,"6":0,"7":1024,"8":67043328,"9":4194303,"s":0,"t":10}},"h":{"0":1,"s":0,"t":1},"keycharlen":64,"keylen":256,"n":{"0":6497617,"1":41070783,"2":32001851,"3":45522014,"4":62711546,"5":67108863,"6":67108863,"7":1023,"8":67043328,"9":4194303,"s":0,"t":10},"name":"secp256r1"},"isPrivate":true,"isPublic":false,"prvKeyHex":"41bd436a453964490de58c77c184a111acfef8da09ef99b4e0f8f3c4845fca5e","pubKeyHex":"049a1bcbce913d9f875fa1c8f86997aec1f71714ccd33ac920718137442cf9f6a03db750abdf4caff6b588a21a476fd8c25e52b3ac68f21044c6868c754a78f1ce","type":"EC"}},"level":"info","message":"Enrollment object is : ","rootCertificate":"-----BEGIN CERTIFICATE-----\nMIICJzCCAc2gAwIBAgIUZEmTecb0WEkxWGBqxqH3GuAKwnQwCgYIKoZIzj0EAwIw\ncDELMAkGA1UEBhMCVVMxFzAVBgNVBAgTDk5vcnRoIENhcm9saW5hMQ8wDQYDVQQH\nEwZEdXJoYW0xGTAXBgNVBAoTEG9yZzEuZXhhbXBsZS5jb20xHDAaBgNVBAMTE2Nh\nLm9yZzEuZXhhbXBsZS5jb20wHhcNMjUwOTE4MDcxNDAwWhcNNDAwOTE0MDcxNDAw\nWjBwMQswCQYDVQQGEwJVUzEXMBUGA1UECBMOTm9ydGggQ2Fyb2xpbmExDzANBgNV\nBAcTBkR1cmhhbTEZMBcGA1UEChMQb3JnMS5leGFtcGxlLmNvbTEcMBoGA1UEAxMT\nY2Eub3JnMS5leGFtcGxlLmNvbTBZMBMGByqGSM49AgEGCCqGSM49AwEHA0IABCZg\nOYupBfNcxPt+/u76QXK6xoBSR6yNNobhHVEXLr0Otillw3vzIDFVc+gT/gi47kEv\nAEN+C3mqguYxaUY1TdSjRTBDMA4GA1UdDwEB/wQEAwIBBjASBgNVHRMBAf8ECDAG\nAQH/AgEBMB0GA1UdDgQWBBRqGyy4sqU8fW11BZSfjh0DZow2yDAKBggqhkjOPQQD\nAgNIADBFAiEAm14szpsTNEZEEYTIbzeqHzGgyrEzmAHNLuoBYdTgjTMCICApTsGr\nUnSRZkEyes6CXhWSpg1Hf98d3QU+loQfZUhJ\n-----END CERTIFICATE-----\n","service":"student-records-api","timestamp":"2025-09-18T07:30:22.680Z"}
{"level":"info","message":"Successfully enrolled admin user \"admin\" and imported it into the wallet","service":"student-records-api","timestamp":"2025-09-18T07:30:22.682Z"}
{"level":"info","message":"Admin Enrolled Successfully","service":"student-records-api","timestamp":"2025-09-18T07:30:22.683Z"}
{"level":"info","message":"admin","service":"student-records-api","timestamp":"2025-09-18T07:30:42.781Z"}
{"level":"info","message":"Wallet path: /Users/zaryabrafique/Downloads/Zaryab/Hyperledger-Work/Practice/hyperledger-student-api/org1-wallet","service":"student-records-api","timestamp":"2025-09-18T07:30:42.782Z"}
{"level":"info","message":"An identity for the admin user \"admin\" does not exist in the wallet","service":"student-records-api","timestamp":"2025-09-18T07:30:42.783Z"}
{"level":"info","message":"calling enroll Admin method","service":"student-records-api","timestamp":"2025-09-18T07:30:42.783Z"}
{"level":"info","message":"Wallet path: /Users/zaryabrafique/Downloads/Zaryab/Hyperledger-Work/Practice/hyperledger-student-api/org1-wallet","service":"student-records-api","timestamp":"2025-09-18T07:30:42.784Z"}
{"certificate":"-----BEGIN CERTIFICATE-----\nMIIB8jCCAZmgAwIBAgIUIjq9YcJ/e/QzpuoagubjpiwO4M0wCgYIKoZIzj0EAwIw\ncDELMAkGA1UEBhMCVVMxFzAVBgNVBAgTDk5vcnRoIENhcm9saW5hMQ8wDQYDVQQH\nEwZEdXJoYW0xGTAXBgNVBAoTEG9yZzEuZXhhbXBsZS5jb20xHDAaBgNVBAMTE2Nh\nLm9yZzEuZXhhbXBsZS5jb20wHhcNMjUwOTE4MDcxNDAwWhcNMjYwOTE4MDczMTAw\nWjAhMQ8wDQYDVQQLEwZjbGllbnQxDjAMBgNVBAMTBWFkbWluMFkwEwYHKoZIzj0C\nAQYIKoZIzj0DAQcDQgAE83RKFQqi6oUp9eaQaqQ6s1Uh1rIjtkVxJVD8oIXEiVdI\nTruHWgsYchLoXc+8pjMPMQj8q4e9csTeE7WcDf6G0aNgMF4wDgYDVR0PAQH/BAQD\nAgeAMAwGA1UdEwEB/wQCMAAwHQYDVR0OBBYEFJqWUxideC+YWQtYR3YDqFFO4gjh\nMB8GA1UdIwQYMBaAFGobLLiypTx9bXUFlJ+OHQNmjDbIMAoGCCqGSM49BAMCA0cA\nMEQCIBt9zAxXWEn4KEU6RVmFkWDi9dcJbY/Qo/TEXyhUJ3b0AiAEHWAWAUJEVdZq\n5EiJadSOewEvC933dG/X9oCvMKjvfA==\n-----END CERTIFICATE-----\n","key":{"_key":{"curveName":"secp256r1","ecparams":{"G":{"curve":{"a":{"q":{"0":67108863,"1":67108863,"2":67108863,"3":262143,"4":0,"5":0,"6":0,"7":1024,"8":67043328,"9":4194303,"s":0,"t":10},"x":{"0":67108860,"1":67108863,"2":67108863,"3":262143,"4":0,"5":0,"6":0,"7":1024,"8":67043328,"9":4194303,"s":0,"t":10}},"b":{"q":{"0":67108863,"1":67108863,"2":67108863,"3":262143,"4":0,"5":0,"6":0,"7":1024,"8":67043328,"9":4194303,"s":0,"t":10},"x":{"0":64118859,"1":59707273,"2":51340220,"3":46346574,"4":6626566,"5":27664815,"6":45864279,"7":38772431,"8":30976570,"9":1487245,"s":0,"t":10}},"infinity":{"curve":"[Circular]","x":null,"y":null,"z":{"0":1,"s":0,"t":1},"zinv":null},"q":{"0":67108863,"1":67108863,"2":67108863,"3":262143,"4":0,"5":0,"6":0,"7":1024,"8":67043328,"9":4194303,"s":0,"t":10}},"x":{"q":{"0":67108863,"1":67108863,"2":67108863,"3":262143,"4":0,"5":0,"6":0,"7":1024,"8":67043328,"9":4194303,"s":0,"t":10},"x":{"0":10011286,"1":5132662,"2":54136650,"3":33863596,"4":41354109,"5":15274044,"6":63860310,"7":17375202,"8":32694572,"9":1754612,"s":0,"t":10}},"y":{"q":{"0":67108863,"1":67108863,"2":67108863,"3":262143,"4":0,"5":0,"6":0,"7":1024,"8":67043328,"9":4194303,"s":0,"t":10},"x":{"0":62870005,"1":26221069,"2":32304315,"3":22916293,"4":36425267,"5":50587525,"6":41858215,"7":33451579,"8":48430618,"9":1308880,"s":0,"t":10}},"z":{"0":1,"s":0,"t":1},"zinv":null},"curve":{"a":{"q":{"0":67108863,"1":67108863,"2":67108863,"3":262143,"4":0,"5":0,"6":0,"7":1024,"8":67043328,"9":4194303,"s":0,"t":10},"x":{"0":67108860,"1":67108863,"2":67108863,"3":262143,"4":0,"5":0,"6":0,"7":1024,"8":67043328,"9":4194303,"s":0,"t":10}},"b":{"q":{"0":67108863,"1":67108863,"2":67108863,"3":262143,"4":0,"5":0,"6":0,"7":1024,"8":67043328,"9":4194303,"s":0,"t":10},"x":{"0":64118859,"1":59707273,"2":51340220,"3":46346574,"4":6626566,"5":27664815,"6":45864279,"7":38772431,"8":30976570,"9":1487245,"s":0,"t":10}},"infinity":{"curve":"[Circular]","x":null,"y":null,"z":{"0":1,"s":0,"t":1},"zinv":null},"q":{"0":67108863,"1":67108863,"2":67108863,"3":262143,"4":0,"5":0,"6":0,"7":1024,"8":67043328,"9":4194303,"s":0,"t":10}},"h":{"0":1,"s":0,"t":1},"keycharlen":64,"keylen":256,"n":{"0":6497617,"1":41070783,"2":32001851,"3":45522014,"4":62711546,"5":67108863,"6":67108863,"7":1023,"8":67043328,"9":4194303,"s":0,"t":10},"name":"secp256r1"},"isPrivate":true,"isPublic":false,"prvKeyHex":"96ca9a1f5d9195d1b184bf7e34a3c3de25a1c255ef4039c7bac6c4aa1a8cde76","pubKeyHex":"04f3744a150aa2ea8529f5e6906aa43ab35521d6b223b645712550fca085c48957484ebb875a0b187212e85dcfbca6330f3108fcab87bd72c4de13b59c0dfe86d1","type":"EC"}},"level":"info","message":"Enrollment object is : ","rootCertificate":"-----BEGIN CERTIFICATE-----\nMIICJzCCAc2gAwIBAgIUZEmTecb0WEkxWGBqxqH3GuAKwnQwCgYIKoZIzj0EAwIw\ncDELMAkGA1UEBhMCVVMxFzAVBgNVBAgTDk5vcnRoIENhcm9saW5hMQ8wDQYDVQQH\nEwZEdXJoYW0xGTAXBgNVBAoTEG9yZzEuZXhhbXBsZS5jb20xHDAaBgNVBAMTE2Nh\nLm9yZzEuZXhhbXBsZS5jb20wHhcNMjUwOTE4MDcxNDAwWhcNNDAwOTE0MDcxNDAw\nWjBwMQswCQYDVQQGEwJVUzEXMBUGA1UECBMOTm9ydGggQ2Fyb2xpbmExDzANBgNV\nBAcTBkR1cmhhbTEZMBcGA1UEChMQb3JnMS5leGFtcGxlLmNvbTEcMBoGA1UEAxMT\nY2Eub3JnMS5leGFtcGxlLmNvbTBZMBMGByqGSM49AgEGCCqGSM49AwEHA0IABCZg\nOYupBfNcxPt+/u76QXK6xoBSR6yNNobhHVEXLr0Otillw3vzIDFVc+gT/gi47kEv\nAEN+C3mqguYxaUY1TdSjRTBDMA4GA1UdDwEB/wQEAwIBBjASBgNVHRMBAf8ECDAG\nAQH/AgEBMB0GA1UdDgQWBBRqGyy4sqU8fW11BZSfjh0DZow2yDAKBggqhkjOPQQD\nAgNIADBFAiEAm14szpsTNEZEEYTIbzeqHzGgyrEzmAHNLuoBYdTgjTMCICApTsGr\nUnSRZkEyes6CXhWSpg1Hf98d3QU+loQfZUhJ\n-----END CERTIFICATE-----\n","service":"student-records-api","timestamp":"2025-09-18T07:30:42.990Z"}
{"level":"info","message":"Successfully enrolled admin user \"admin\" and imported it into the wallet","service":"student-records-api","timestamp":"2025-09-18T07:30:42.992Z"}
{"level":"info","message":"Admin Enrolled Successfully","service":"student-records-api","timestamp":"2025-09-18T07:30:42.993Z"}
{"level":"info","message":"Server is running on port 3000","service":"student-records-api","timestamp":"2025-09-18T07:47:57.378Z"}
{"level":"info","message":"admin","service":"student-records-api","timestamp":"2025-09-18T07:48:03.506Z"}
{"level":"info","message":"Wallet path: /Users/zaryabrafique/Downloads/Zaryab/Hyperledger-Work/Practice/hyperledger-student-api/org1-wallet","service":"student-records-api","timestamp":"2025-09-18T07:48:03.509Z"}
{"level":"info","message":"An identity for the admin user \"admin\" does not exist in the wallet","service":"student-records-api","timestamp":"2025-09-18T07:48:03.511Z"}
{"level":"info","message":"calling enroll Admin method","service":"student-records-api","timestamp":"2025-09-18T07:48:03.514Z"}
{"level":"info","message":"Wallet path: /Users/zaryabrafique/Downloads/Zaryab/Hyperledger-Work/Practice/hyperledger-student-api/org1-wallet","service":"student-records-api","timestamp":"2025-09-18T07:48:03.518Z"}
{"certificate":"-----BEGIN CERTIFICATE-----\nMIIB8jCCAZmgAwIBAgIUas+/4KW1VtWh2SD9VP5FCed6QQAwCgYIKoZIzj0EAwIw\ncDELMAkGA1UEBhMCVVMxFzAVBgNVBAgTDk5vcnRoIENhcm9saW5hMQ8wDQYDVQQH\nEwZEdXJoYW0xGTAXBgNVBAoTEG9yZzEuZXhhbXBsZS5jb20xHDAaBgNVBAMTE2Nh\nLm9yZzEuZXhhbXBsZS5jb20wHhcNMjUwOTE4MDcxNDAwWhcNMjYwOTE4MDc0ODAw\nWjAhMQ8wDQYDVQQLEwZjbGllbnQxDjAMBgNVBAMTBWFkbWluMFkwEwYHKoZIzj0C\nAQYIKoZIzj0DAQcDQgAEOZf3lizvOT4bBtmjNusfBorlxNduE6395zgLnoBRyeEC\nCnROOmD52o7jVMfWFSf5P6Z+9RfH5Yh68Kt/wE2GL6NgMF4wDgYDVR0PAQH/BAQD\nAgeAMAwGA1UdEwEB/wQCMAAwHQYDVR0OBBYEFHwy1IA4s7NCp9yOuFcXfDw2MxoH\nMB8GA1UdIwQYMBaAFGobLLiypTx9bXUFlJ+OHQNmjDbIMAoGCCqGSM49BAMCA0cA\nMEQCIH/+3Nd+1qrrJUqIVjTTbVjLtgcrztLXxzgKo2GdePf3AiBqxBWz5OcYC1ui\n1y0IHZX1xlz/IfS10csF9iTwohTQXQ==\n-----END CERTIFICATE-----\n","key":{"_key":{"curveName":"secp256r1","ecparams":{"G":{"curve":{"a":{"q":{"0":67108863,"1":67108863,"2":67108863,"3":262143,"4":0,"5":0,"6":0,"7":1024,"8":67043328,"9":4194303,"s":0,"t":10},"x":{"0":67108860,"1":67108863,"2":67108863,"3":262143,"4":0,"5":0,"6":0,"7":1024,"8":67043328,"9":4194303,"s":0,"t":10}},"b":{"q":{"0":67108863,"1":67108863,"2":67108863,"3":262143,"4":0,"5":0,"6":0,"7":1024,"8":67043328,"9":4194303,"s":0,"t":10},"x":{"0":64118859,"1":59707273,"2":51340220,"3":46346574,"4":6626566,"5":27664815,"6":45864279,"7":38772431,"8":30976570,"9":1487245,"s":0,"t":10}},"infinity":{"curve":"[Circular]","x":null,"y":null,"z":{"0":1,"s":0,"t":1},"zinv":null},"q":{"0":67108863,"1":67108863,"2":67108863,"3":262143,"4":0,"5":0,"6":0,"7":1024,"8":67043328,"9":4194303,"s":0,"t":10}},"x":{"q":{"0":67108863,"1":67108863,"2":67108863,"3":262143,"4":0,"5":0,"6":0,"7":1024,"8":67043328,"9":4194303,"s":0,"t":10},"x":{"0":10011286,"1":5132662,"2":54136650,"3":33863596,"4":41354109,"5":15274044,"6":63860310,"7":17375202,"8":32694572,"9":1754612,"s":0,"t":10}},"y":{"q":{"0":67108863,"1":67108863,"2":67108863,"3":262143,"4":0,"5":0,"6":0,"7":1024,"8":67043328,"9":4194303,"s":0,"t":10},"x":{"0":62870005,"1":26221069,"2":32304315,"3":22916293,"4":36425267,"5":50587525,"6":41858215,"7":33451579,"8":48430618,"9":1308880,"s":0,"t":10}},"z":{"0":1,"s":0,"t":1},"zinv":null},"curve":{"a":{"q":{"0":67108863,"1":67108863,"2":67108863,"3":262143,"4":0,"5":0,"6":0,"7":1024,"8":67043328,"9":4194303,"s":0,"t":10},"x":{"0":67108860,"1":67108863,"2":67108863,"3":262143,"4":0,"5":0,"6":0,"7":1024,"8":67043328,"9":4194303,"s":0,"t":10}},"b":{"q":{"0":67108863,"1":67108863,"2":67108863,"3":262143,"4":0,"5":0,"6":0,"7":1024,"8":67043328,"9":4194303,"s":0,"t":10},"x":{"0":64118859,"1":59707273,"2":51340220,"3":46346574,"4":6626566,"5":27664815,"6":45864279,"7":38772431,"8":30976570,"9":1487245,"s":0,"t":10}},"infinity":{"curve":"[Circular]","x":null,"y":null,"z":{"0":1,"s":0,"t":1},"zinv":null},"q":{"0":67108863,"1":67108863,"2":67108863,"3":262143,"4":0,"5":0,"6":0,"7":1024,"8":67043328,"9":4194303,"s":0,"t":10}},"h":{"0":1,"s":0,"t":1},"keycharlen":64,"keylen":256,"n":{"0":6497617,"1":41070783,"2":32001851,"3":45522014,"4":62711546,"5":67108863,"6":67108863,"7":1023,"8":67043328,"9":4194303,"s":0,"t":10},"name":"secp256r1"},"isPrivate":true,"isPublic":false,"prvKeyHex":"52477fc6074d75b548856ec6416746cf65e45d69cb1fbc59f1f3fbab953a4414","pubKeyHex":"043997f7962cef393e1b06d9a336eb1f068ae5c4d76e13adfde7380b9e8051c9e1020a744e3a60f9da8ee354c7d61527f93fa67ef517c7e5887af0ab7fc04d862f","type":"EC"}},"level":"info","message":"Enrollment object is : ","rootCertificate":"-----BEGIN CERTIFICATE-----\nMIICJzCCAc2gAwIBAgIUZEmTecb0WEkxWGBqxqH3GuAKwnQwCgYIKoZIzj0EAwIw\ncDELMAkGA1UEBhMCVVMxFzAVBgNVBAgTDk5vcnRoIENhcm9saW5hMQ8wDQYDVQQH\nEwZEdXJoYW0xGTAXBgNVBAoTEG9yZzEuZXhhbXBsZS5jb20xHDAaBgNVBAMTE2Nh\nLm9yZzEuZXhhbXBsZS5jb20wHhcNMjUwOTE4MDcxNDAwWhcNNDAwOTE0MDcxNDAw\nWjBwMQswCQYDVQQGEwJVUzEXMBUGA1UECBMOTm9ydGggQ2Fyb2xpbmExDzANBgNV\nBAcTBkR1cmhhbTEZMBcGA1UEChMQb3JnMS5leGFtcGxlLmNvbTEcMBoGA1UEAxMT\nY2Eub3JnMS5leGFtcGxlLmNvbTBZMBMGByqGSM49AgEGCCqGSM49AwEHA0IABCZg\nOYupBfNcxPt+/u76QXK6xoBSR6yNNobhHVEXLr0Otillw3vzIDFVc+gT/gi47kEv\nAEN+C3mqguYxaUY1TdSjRTBDMA4GA1UdDwEB/wQEAwIBBjASBgNVHRMBAf8ECDAG\nAQH/AgEBMB0GA1UdDgQWBBRqGyy4sqU8fW11BZSfjh0DZow2yDAKBggqhkjOPQQD\nAgNIADBFAiEAm14szpsTNEZEEYTIbzeqHzGgyrEzmAHNLuoBYdTgjTMCICApTsGr\nUnSRZkEyes6CXhWSpg1Hf98d3QU+loQfZUhJ\n-----END CERTIFICATE-----\n","service":"student-records-api","timestamp":"2025-09-18T07:48:03.946Z"}
{"level":"info","message":"Successfully enrolled admin user \"admin\" and imported it into the wallet","service":"student-records-api","timestamp":"2025-09-18T07:48:03.952Z"}
{"level":"info","message":"Admin Enrolled Successfully","service":"student-records-api","timestamp":"2025-09-18T07:48:03.954Z"}
{"level":"info","message":"Server is running on port 3000","service":"student-records-api","timestamp":"2025-09-18T07:48:30.618Z"}
{"level":"info","message":"zaryab","service":"student-records-api","timestamp":"2025-09-18T07:48:44.930Z"}
{"level":"info","message":"Wallet path: /Users/zaryabrafique/Downloads/Zaryab/Hyperledger-Work/Practice/hyperledger-student-api/org1-wallet","service":"student-records-api","timestamp":"2025-09-18T07:48:44.933Z"}
{"level":"info","message":"Adding student with ID: STU001","service":"student-records-api","timestamp":"2025-09-18T08:33:32.367Z"}
{"level":"info","message":"mychannel","service":"student-records-api","timestamp":"2025-09-18T08:33:32.370Z"}
{"level":"info","message":"basic","service":"student-records-api","timestamp":"2025-09-18T08:33:32.370Z"}
{"level":"info","message":"AddStudent","service":"student-records-api","timestamp":"2025-09-18T08:33:32.370Z"}
{"level":"info","message":["STU001","John Doe","Computer Science","3.8"],"service":"student-records-api","timestamp":"2025-09-18T08:33:32.370Z"}
{"level":"info","message":"admin","service":"student-records-api","timestamp":"2025-09-18T08:33:32.370Z"}
{"level":"info","message":"Org1","service":"student-records-api","timestamp":"2025-09-18T08:33:32.371Z"}
{"level":"info","message":"Server is running on port 3000","service":"student-records-api","timestamp":"2025-09-18T08:34:05.830Z"}
{"level":"info","message":"Adding student with ID: STU001","service":"student-records-api","timestamp":"2025-09-18T08:34:25.914Z"}
{"level":"info","message":"mychannel","service":"student-records-api","timestamp":"2025-09-18T08:34:25.915Z"}
{"level":"info","message":"basic","service":"student-records-api","timestamp":"2025-09-18T08:34:25.916Z"}
{"level":"info","message":"AddStudent","service":"student-records-api","timestamp":"2025-09-18T08:34:25.916Z"}
{"level":"info","message":["STU001","John Doe","Computer Science","3.8"],"service":"student-records-api","timestamp":"2025-09-18T08:34:25.916Z"}
{"level":"info","message":"zaryab","service":"student-records-api","timestamp":"2025-09-18T08:34:25.916Z"}
{"level":"info","message":"Org1","service":"student-records-api","timestamp":"2025-09-18T08:34:25.916Z"}
{"level":"info","message":"Server is running on port 3000","service":"student-records-api","timestamp":"2025-09-18T08:38:05.042Z"}
{"level":"info","message":"Server is running on port 3000","service":"student-records-api","timestamp":"2025-09-18T08:38:20.738Z"}
{"level":"info","message":"Adding student with ID: STU001","service":"student-records-api","timestamp":"2025-09-18T08:38:21.661Z"}
{"level":"info","message":"mychannel","service":"student-records-api","timestamp":"2025-09-18T08:38:21.662Z"}
{"level":"info","message":"basic","service":"student-records-api","timestamp":"2025-09-18T08:38:21.663Z"}
{"level":"info","message":"AddStudent","service":"student-records-api","timestamp":"2025-09-18T08:38:21.663Z"}
{"level":"info","message":["STU001","John Doe","Computer Science","3.8"],"service":"student-records-api","timestamp":"2025-09-18T08:38:21.663Z"}
{"level":"info","message":"zaryab","service":"student-records-api","timestamp":"2025-09-18T08:38:21.664Z"}
{"level":"info","message":"Org1","service":"student-records-api","timestamp":"2025-09-18T08:38:21.664Z"}
{"level":"info","message":"Server is running on port 3000","service":"student-records-api","timestamp":"2025-09-18T08:40:54.887Z"}
{"level":"info","message":"Server is running on port 3000","service":"student-records-api","timestamp":"2025-09-18T08:41:02.747Z"}
{"level":"info","message":"Adding student with ID: STU001","service":"student-records-api","timestamp":"2025-09-18T08:41:03.875Z"}
{"level":"info","message":"mychannel","service":"student-records-api","timestamp":"2025-09-18T08:41:03.875Z"}
{"level":"info","message":"basic","service":"student-records-api","timestamp":"2025-09-18T08:41:03.876Z"}
{"level":"info","message":"AddStudent","service":"student-records-api","timestamp":"2025-09-18T08:41:03.876Z"}
{"level":"info","message":["STU001","John Doe","Computer Science","3.8"],"service":"student-records-api","timestamp":"2025-09-18T08:41:03.876Z"}
{"level":"info","message":"zaryab","service":"student-records-api","timestamp":"2025-09-18T08:41:03.877Z"}
{"level":"info","message":"Org1","service":"student-records-api","timestamp":"2025-09-18T08:41:03.877Z"}
{"level":"info","message":"Querying student with ID: STU001","service":"student-records-api","timestamp":"2025-09-18T08:46:10.724Z"}
{"level":"info","message":"Query Transaction - Channel: mychannel, Chaincode: basic, Function: QueryStudent","service":"student-records-api","timestamp":"2025-09-18T08:46:10.734Z"}
{"level":"info","message":"Server is running on port 3000","service":"student-records-api","timestamp":"2025-09-18T08:46:40.359Z"}
{"level":"info","message":"Server is running on port 3000","service":"student-records-api","timestamp":"2025-09-18T08:46:43.370Z"}
{"level":"info","message":"Server is running on port 3000","service":"student-records-api","timestamp":"2025-09-18T08:46:47.190Z"}
{"level":"info","message":"Server is running on port 3000","service":"student-records-api","timestamp":"2025-09-18T08:46:54.679Z"}
{"level":"info","message":"Querying student with ID: STU001","service":"student-records-api","timestamp":"2025-09-18T08:46:59.746Z"}
{"level":"info","message":"Query Transaction - Channel: mychannel, Chaincode: basic, Function: QueryStudent","service":"student-records-api","timestamp":"2025-09-18T08:46:59.747Z"}
{"level":"info","message":"Querying student with ID: STU001","service":"student-records-api","timestamp":"2025-09-18T08:47:10.991Z"}
{"level":"info","message":"Query Transaction - Channel: mychannel, Chaincode: basic, Function: QueryStudent","service":"student-records-api","timestamp":"2025-09-18T08:47:10.991Z"}
{"level":"info","message":"Querying student with ID: STU001","service":"student-records-api","timestamp":"2025-09-18T08:48:56.386Z"}
{"level":"info","message":"Query Transaction - Channel: mychannel, Chaincode: basic, Function: QueryStudent","service":"student-records-api","timestamp":"2025-09-18T08:48:56.386Z"}
{"level":"info","message":"Updating GPA for student ID: STU001","service":"student-records-api","timestamp":"2025-09-18T08:48:59.355Z"}
{"level":"info","message":"mychannel","service":"student-records-api","timestamp":"2025-09-18T08:48:59.355Z"}
{"level":"info","message":"basic","service":"student-records-api","timestamp":"2025-09-18T08:48:59.356Z"}
{"level":"info","message":"UpdateGPA","service":"student-records-api","timestamp":"2025-09-18T08:48:59.356Z"}
{"level":"info","message":["STU001","3.2"],"service":"student-records-api","timestamp":"2025-09-18T08:48:59.356Z"}
{"level":"info","message":"zaryab","service":"student-records-api","timestamp":"2025-09-18T08:48:59.356Z"}
{"level":"info","message":"Org1","service":"student-records-api","timestamp":"2025-09-18T08:48:59.356Z"}
{"level":"info","message":"Server is running on port 3000","service":"student-records-api","timestamp":"2025-09-18T08:53:29.742Z"}
{"level":"info","message":"Server is running on port 3000","service":"student-records-api","timestamp":"2025-09-18T08:53:59.783Z"}
{"level":"info","message":"Updating GPA for student ID: STU001","service":"student-records-api","timestamp":"2025-09-18T08:54:04.725Z"}
{"level":"info","message":"mychannel","service":"student-records-api","timestamp":"2025-09-18T08:54:04.726Z"}
{"level":"info","message":"basic","service":"student-records-api","timestamp":"2025-09-18T08:54:04.726Z"}
{"level":"info","message":"UpdateGPA","service":"student-records-api","timestamp":"2025-09-18T08:54:04.727Z"}
{"level":"info","message":["STU001","3.2"],"service":"student-records-api","timestamp":"2025-09-18T08:54:04.727Z"}
{"level":"info","message":"zaryab","service":"student-records-api","timestamp":"2025-09-18T08:54:04.728Z"}
{"level":"info","message":"Org1","service":"student-records-api","timestamp":"2025-09-18T08:54:04.728Z"}
{"level":"info","message":"Querying student with ID: STU001","service":"student-records-api","timestamp":"2025-09-18T08:54:23.015Z"}
{"level":"info","message":"Query Transaction - Channel: mychannel, Chaincode: basic, Function: QueryStudent","service":"student-records-api","timestamp":"2025-09-18T08:54:23.016Z"}
{"level":"info","message":"Updating GPA for student ID: STU001","service":"student-records-api","timestamp":"2025-09-18T08:54:38.094Z"}
{"level":"info","message":"mychannel","service":"student-records-api","timestamp":"2025-09-18T08:54:38.094Z"}
{"level":"info","message":"basic","service":"student-records-api","timestamp":"2025-09-18T08:54:38.094Z"}
{"level":"info","message":"UpdateGPA","service":"student-records-api","timestamp":"2025-09-18T08:54:38.094Z"}
{"level":"info","message":["STU001","2.1"],"service":"student-records-api","timestamp":"2025-09-18T08:54:38.094Z"}
{"level":"info","message":"zaryab","service":"student-records-api","timestamp":"2025-09-18T08:54:38.094Z"}
{"level":"info","message":"Org1","service":"student-records-api","timestamp":"2025-09-18T08:54:38.094Z"}
{"level":"info","message":"Querying student with ID: STU001","service":"student-records-api","timestamp":"2025-09-18T08:54:42.723Z"}
{"level":"info","message":"Query Transaction - Channel: mychannel, Chaincode: basic, Function: QueryStudent","service":"student-records-api","timestamp":"2025-09-18T08:54:42.723Z"}
